# JRE version: Java(TM) SE Runtime Environment (8.0_60-b27) (build 1.8.0_60-b27)
# Java VM: Java HotSpot(TM) 64-Bit Server VM (25.60-b23 mixed mode windows-amd64 compressed oops)
Heap:
 PSYoungGen      total 336896K, used 6869K [0x000000076b300000, 0x0000000781b80000, 0x00000007c0000000)
  eden space 310784K, 2% used [0x000000076b300000,0x000000076b9b5760,0x000000077e280000)
  from space 26112K, 0% used [0x000000077fe00000,0x000000077fe00000,0x0000000781780000)
  to   space 28160K, 0% used [0x000000077e280000,0x000000077e280000,0x000000077fe00000)
 ParOldGen       total 199680K, used 36929K [0x00000006c1800000, 0x00000006cdb00000, 0x000000076b300000)
  object space 199680K, 18% used [0x00000006c1800000,0x00000006c3c10648,0x00000006cdb00000)
 Metaspace       used 54360K, capacity 55228K, committed 55552K, reserved 1097728K
  class space    used 6845K, capacity 7128K, committed 7168K, reserved 1048576K
GC Heap History (10 events):
Event: 6.388 GC heap before
{Heap before GC invocations=9 (full 1):
 PSYoungGen      total 276992K, used 53130K [0x000000076b300000, 0x000000077d700000, 0x00000007c0000000)
  eden space 258560K, 13% used [0x000000076b300000,0x000000076d5df608,0x000000077af80000)
  from space 18432K, 94% used [0x000000077af80000,0x000000077c083378,0x000000077c180000)
  to   space 19968K, 0% used [0x000000077c380000,0x000000077c380000,0x000000077d700000)
 ParOldGen       total 126976K, used 18111K [0x00000006c1800000, 0x00000006c9400000, 0x000000076b300000)
  object space 126976K, 14% used [0x00000006c1800000,0x00000006c29aff10,0x00000006c9400000)
 Metaspace       used 34660K, capacity 35288K, committed 35456K, reserved 1081344K
  class space    used 4269K, capacity 4469K, committed 4480K, reserved 1048576K
Event: 6.397 GC heap after
Heap after GC invocations=9 (full 1):
 PSYoungGen      total 279552K, used 11062K [0x000000076b300000, 0x0000000784100000, 0x00000007c0000000)
  eden space 259584K, 0% used [0x000000076b300000,0x000000076b300000,0x000000077b080000)
  from space 19968K, 55% used [0x000000077c380000,0x000000077ce4d9e0,0x000000077d700000)
  to   space 19456K, 0% used [0x000000077b080000,0x000000077b080000,0x000000077c380000)
 ParOldGen       total 126976K, used 18119K [0x00000006c1800000, 0x00000006c9400000, 0x000000076b300000)
  object space 126976K, 14% used [0x00000006c1800000,0x00000006c29b1f10,0x00000006c9400000)
 Metaspace       used 34660K, capacity 35288K, committed 35456K, reserved 1081344K
  class space    used 4269K, capacity 4469K, committed 4480K, reserved 1048576K
}
Event: 6.397 GC heap before
{Heap before GC invocations=10 (full 2):
 PSYoungGen      total 279552K, used 11062K [0x000000076b300000, 0x0000000784100000, 0x00000007c0000000)
  eden space 259584K, 0% used [0x000000076b300000,0x000000076b300000,0x000000077b080000)
  from space 19968K, 55% used [0x000000077c380000,0x000000077ce4d9e0,0x000000077d700000)
  to   space 19456K, 0% used [0x000000077b080000,0x000000077b080000,0x000000077c380000)
 ParOldGen       total 126976K, used 18119K [0x00000006c1800000, 0x00000006c9400000, 0x000000076b300000)
  object space 126976K, 14% used [0x00000006c1800000,0x00000006c29b1f10,0x00000006c9400000)
 Metaspace       used 34660K, capacity 35288K, committed 35456K, reserved 1081344K
  class space    used 4269K, capacity 4469K, committed 4480K, reserved 1048576K
Event: 6.488 GC heap after
Heap after GC invocations=10 (full 2):
 PSYoungGen      total 279552K, used 0K [0x000000076b300000, 0x0000000784100000, 0x00000007c0000000)
  eden space 259584K, 0% used [0x000000076b300000,0x000000076b300000,0x000000077b080000)
  from space 19968K, 0% used [0x000000077c380000,0x000000077c380000,0x000000077d700000)
  to   space 19456K, 0% used [0x000000077b080000,0x000000077b080000,0x000000077c380000)
 ParOldGen       total 199680K, used 25530K [0x00000006c1800000, 0x00000006cdb00000, 0x000000076b300000)
  object space 199680K, 12% used [0x00000006c1800000,0x00000006c30eeb28,0x00000006cdb00000)
 Metaspace       used 34660K, capacity 35288K, committed 35456K, reserved 1081344K
  class space    used 4269K, capacity 4469K, committed 4480K, reserved 1048576K
}
Event: 8.806 GC heap before
{Heap before GC invocations=11 (full 2):
 PSYoungGen      total 279552K, used 259584K [0x000000076b300000, 0x0000000784100000, 0x00000007c0000000)
  eden space 259584K, 100% used [0x000000076b300000,0x000000077b080000,0x000000077b080000)
  from space 19968K, 0% used [0x000000077c380000,0x000000077c380000,0x000000077d700000)
  to   space 19456K, 0% used [0x000000077b080000,0x000000077b080000,0x000000077c380000)
 ParOldGen       total 199680K, used 25530K [0x00000006c1800000, 0x00000006cdb00000, 0x000000076b300000)
  object space 199680K, 12% used [0x00000006c1800000,0x00000006c30eeb28,0x00000006cdb00000)
 Metaspace       used 47566K, capacity 48380K, committed 48640K, reserved 1091584K
  class space    used 5878K, capacity 6140K, committed 6144K, reserved 1048576K
Event: 8.832 GC heap after
Heap after GC invocations=11 (full 2):
 PSYoungGen      total 279040K, used 19424K [0x000000076b300000, 0x0000000781780000, 0x00000007c0000000)
  eden space 259584K, 0% used [0x000000076b300000,0x000000076b300000,0x000000077b080000)
  from space 19456K, 99% used [0x000000077b080000,0x000000077c378170,0x000000077c380000)
  to   space 26112K, 0% used [0x000000077fe00000,0x000000077fe00000,0x0000000781780000)
 ParOldGen       total 199680K, used 37270K [0x00000006c1800000, 0x00000006cdb00000, 0x000000076b300000)
  object space 199680K, 18% used [0x00000006c1800000,0x00000006c3c658a8,0x00000006cdb00000)
 Metaspace       used 47566K, capacity 48380K, committed 48640K, reserved 1091584K
  class space    used 5878K, capacity 6140K, committed 6144K, reserved 1048576K
}
Event: 10.315 GC heap before
{Heap before GC invocations=12 (full 2):
 PSYoungGen      total 279040K, used 174440K [0x000000076b300000, 0x0000000781780000, 0x00000007c0000000)
  eden space 259584K, 59% used [0x000000076b300000,0x0000000774a62208,0x000000077b080000)
  from space 19456K, 99% used [0x000000077b080000,0x000000077c378170,0x000000077c380000)
  to   space 26112K, 0% used [0x000000077fe00000,0x000000077fe00000,0x0000000781780000)
 ParOldGen       total 199680K, used 37270K [0x00000006c1800000, 0x00000006cdb00000, 0x000000076b300000)
  object space 199680K, 18% used [0x00000006c1800000,0x00000006c3c658a8,0x00000006cdb00000)
 Metaspace       used 54359K, capacity 55234K, committed 55552K, reserved 1097728K
  class space    used 6845K, capacity 7130K, committed 7168K, reserved 1048576K
Event: 10.346 GC heap after
Heap after GC invocations=12 (full 2):
 PSYoungGen      total 336896K, used 22775K [0x000000076b300000, 0x0000000781b80000, 0x00000007c0000000)
  eden space 310784K, 0% used [0x000000076b300000,0x000000076b300000,0x000000077e280000)
  from space 26112K, 87% used [0x000000077fe00000,0x000000078143dfa8,0x0000000781780000)
  to   space 28160K, 0% used [0x000000077e280000,0x000000077e280000,0x000000077fe00000)
 ParOldGen       total 199680K, used 37278K [0x00000006c1800000, 0x00000006cdb00000, 0x000000076b300000)
  object space 199680K, 18% used [0x00000006c1800000,0x00000006c3c678a8,0x00000006cdb00000)
 Metaspace       used 54359K, capacity 55234K, committed 55552K, reserved 1097728K
  class space    used 6845K, capacity 7130K, committed 7168K, reserved 1048576K
}
Event: 10.346 GC heap before
{Heap before GC invocations=13 (full 3):
 PSYoungGen      total 336896K, used 22775K [0x000000076b300000, 0x0000000781b80000, 0x00000007c0000000)
  eden space 310784K, 0% used [0x000000076b300000,0x000000076b300000,0x000000077e280000)
  from space 26112K, 87% used [0x000000077fe00000,0x000000078143dfa8,0x0000000781780000)
  to   space 28160K, 0% used [0x000000077e280000,0x000000077e280000,0x000000077fe00000)
 ParOldGen       total 199680K, used 37278K [0x00000006c1800000, 0x00000006cdb00000, 0x000000076b300000)
  object space 199680K, 18% used [0x00000006c1800000,0x00000006c3c678a8,0x00000006cdb00000)
 Metaspace       used 54359K, capacity 55234K, committed 55552K, reserved 1097728K
  class space    used 6845K, capacity 7130K, committed 7168K, reserved 1048576K
Event: 10.516 GC heap after
Heap after GC invocations=13 (full 3):
 PSYoungGen      total 336896K, used 0K [0x000000076b300000, 0x0000000781b80000, 0x00000007c0000000)
  eden space 310784K, 0% used [0x000000076b300000,0x000000076b300000,0x000000077e280000)
  from space 26112K, 0% used [0x000000077fe00000,0x000000077fe00000,0x0000000781780000)
  to   space 28160K, 0% used [0x000000077e280000,0x000000077e280000,0x000000077fe00000)
 ParOldGen       total 199680K, used 36929K [0x00000006c1800000, 0x00000006cdb00000, 0x000000076b300000)
  object space 199680K, 18% used [0x00000006c1800000,0x00000006c3c10648,0x00000006cdb00000)
 Metaspace       used 54356K, capacity 55228K, committed 55552K, reserved 1097728K
  class space    used 6845K, capacity 7128K, committed 7168K, reserved 1048576K
}

